
<!DOCTYPE html>
<html lang="en">
<head>
    <meta charset="UTF-8">
    <meta name="viewport" content="width=device-width, initial-scale=1.0">
    <title>PYTEST HTML DASHBOARD - Test Execution & Analsis Report</title>
    <script src="https://cdn.jsdelivr.net/npm/chart.js@4.4.0/dist/chart.umd.min.js"></script>
    <script src="https://cdn.jsdelivr.net/npm/chartjs-plugin-datalabels@2.2.0/dist/chartjs-plugin-datalabels.min.js"></script>
</head>
<body>
    <div class="container">
        
    <style>
        /* Enhanced Theme */
        body {
            font-family: 'Segoe UI', Tahoma, Geneva, Verdana, sans-serif;
            margin: 0;
            padding: 20px;
            background: linear-gradient(135deg, #667eea 0%, #764ba2 100%);
            min-height: 100vh;
        }

        .container {
            width: 100%;
            margin: 0;
            padding: 20px;
            background: rgba(255, 255, 255, 0.95);
            border-radius: 0;
            box-shadow: none;
        }

        .header-section {
            text-align: center;
            margin-bottom: 20px;
            padding: 12px;
            background: linear-gradient(90deg, #004488, #0066CC);
            border-radius: 10px;
            color: white;
        }

        .logo-container {
            flex-shrink: 0;
            align-self: flex-start;
        }

        .logo-title-container {
            display: flex;
            align-items: center;
            justify-content: space-between;
            gap: 15px;
            margin-bottom: 15px;
            flex-wrap: nowrap;
        }

        .title-container {
            text-align: center;
            flex-grow: 1;
        }

        .main-title {
            margin: 0;
            font-size: 24px;
            font-weight: bold;
            line-height: 1.2;
        }

        @media (max-width: 768px) {
            .logo-title-container {
                gap: 10px;
                margin-bottom: 10px;
            }
            .title-container {
                text-align: left;
            }
            .main-title {
                font-size: 18px;
            }
        }

        .comprehensive-section {
            margin: 30px 0;
            padding: 25px;
            background: rgba(240, 248, 255, 0.8);
            border-radius: 12px;
            border-left: 5px solid #004488;
            box-shadow: 0 4px 15px rgba(0, 0, 0, 0.1);
        }

        .section-title {
            color: #004488;
            font-size: 20px;
            font-weight: bold;
            margin-bottom: 15px;
            padding-bottom: 8px;
            border-bottom: 2px solid #004488;
        }

        .info-grid {
            display: grid;
            grid-template-columns: repeat(auto-fit, minmax(250px, 1fr));
            gap: 15px;
            margin-top: 15px;
        }

        .info-item {
            background: white;
            padding: 12px 15px;
            border-radius: 8px;
            border-left: 3px solid #0066CC;
            box-shadow: 0 2px 5px rgba(0, 0, 0, 0.1);
        }

        .info-label {
            font-weight: bold;
            color: #004488;
            margin-bottom: 5px;
        }

        .info-value {
            color: #333;
            font-size: 14px;
        }

        .status-dashboard {
            display: grid;
            grid-template-columns: repeat(auto-fit, minmax(120px, 1fr));
            gap: 15px;
            margin: 20px 0;
        }

        .status-card {
            text-align: center;
            padding: 15px;
            border-radius: 10px;
            color: white;
            font-weight: bold;
        }

        .status-passed { background: linear-gradient(135deg, #4CAF50, #45a049); }
        .status-failed { background: linear-gradient(135deg, #f44336, #da190b); }
        .status-skipped { background: linear-gradient(135deg, #ff9800, #f57c00); }
        .status-total { background: linear-gradient(135deg, #2196F3, #0b7dda); }

        .chart-container {
            display: flex;
            justify-content: space-around;
            align-items: center;
            margin: 20px 0;
            flex-wrap: wrap;
        }

        .chart-wrapper {
            position: relative;
            width: 300px;
            height: 300px;
            margin: 10px;
        }

        /* Enhanced table styling */
        table {
            width: 100%;
            border-collapse: collapse;
            margin: 20px 0;
            background: white;
            border-radius: 10px;
            overflow: hidden;
            box-shadow: 0 4px 15px rgba(0, 0, 0, 0.1);
        }

        th, td {
            padding: 12px 8px;
            text-align: left;
            border-bottom: 1px solid #e0e0e0;
        }

        th {
            background: linear-gradient(90deg, #004488, #0066CC);
            color: white;
            font-weight: bold;
            position: sticky;
            top: 0;
        }

        tr:hover {
            background-color: rgba(0, 68, 136, 0.05);
        }

        /* Column widths */
        .col-sno { width: 5%; text-align: center; font-weight: bold; }
        .col-name { width: 25%; text-align: left; }
        .col-start-time { width: 12%; text-align: center; font-size: 11px; }
        .col-end-time { width: 12%; text-align: center; font-size: 11px; }
        .col-duration { width: 8%; text-align: center; font-weight: bold; }
        .col-result { width: 10%; text-align: center; font-weight: bold; }
        .col-error-category { width: 12%; text-align: center; }
        .col-result-details { width: 16%; text-align: left; font-size: 11px; }

        .col-result.passed { background-color: #e8f5e8; color: #2e7d32; font-weight: bold; }
        .col-result.failed { background-color: #ffebee; color: #c62828; font-weight: bold; }
        .col-result.skipped { background-color: #fff3e0; color: #ef6c00; font-weight: bold; }
        .col-result.error { background-color: #fce4ec; color: #ad1457; font-weight: bold; }

        /* Enhanced Error Reporting Styles */
        .error-details-container {
            position: relative;
            max-width: 200px;
        }

        .error-toggle-btn {
            background: #ff4444;
            color: white;
            border: none;
            padding: 5px 10px;
            border-radius: 4px;
            cursor: pointer;
            font-size: 11px;
            transition: all 0.3s ease;
        }

        .error-toggle-btn:hover {
            background: #cc0000;
            transform: translateY(-1px);
        }

        .error-details-popup {
            position: absolute;
            top: 30px;
            left: 0;
            background: white;
            border: 2px solid #ff4444;
            border-radius: 8px;
            padding: 15px;
            min-width: 400px;
            max-width: 500px;
            box-shadow: 0 8px 25px rgba(0, 0, 0, 0.15);
            z-index: 1000;
            font-size: 12px;
            display: none;
        }

        .error-details-popup h5 {
            margin: 0 0 10px 0;
            color: #ff4444;
            font-size: 14px;
        }

        .error-info-table {
            width: 100%;
            border-collapse: collapse;
            margin: 5px 0;
        }

        .error-info-table td {
            padding: 4px 8px;
            border: 1px solid #eee;
            font-size: 11px;
        }

        .error-info-table td:first-child {
            background: #f5f5f5;
            font-weight: bold;
            width: 30%;
        }

        .stack-trace {
            margin-top: 10px;
            padding: 8px;
            background: #f8f8f8;
            border-radius: 4px;
        }

        .stack-trace h6 {
            margin: 0 0 5px 0;
            color: #666;
        }

        .stack-trace pre {
            margin: 0;
            font-size: 10px;
            color: #444;
            white-space: pre-wrap;
            max-height: 150px;
            overflow-y: auto;
        }

        .error-category {
            font-weight: bold;
            font-size: 11px;
        }

        .suggested-action {
            font-size: 11px;
            color: #0066cc;
            font-style: italic;
            max-width: 180px;
        }

        .comprehensive-test-table {
            width: 100%;
            border-collapse: collapse;
            font-family: 'Segoe UI', sans-serif;
            font-size: 12px;
        }

        .comprehensive-test-table th {
            background: linear-gradient(135deg, #667eea 0%, #764ba2 100%);
            color: white;
            padding: 12px 8px;
            text-align: center;
            font-weight: bold;
            font-size: 11px;
            border: 1px solid #ddd;
            position: sticky;
            top: 0;
            z-index: 10;
        }

        .comprehensive-test-table td {
            padding: 10px 8px;
            border: 1px solid #e0e0e0;
            text-align: center;
            vertical-align: middle;
            font-size: 11px;
        }

        .comprehensive-test-table tbody tr:nth-child(even) {
            background-color: #f8f9fa;
        }

        .comprehensive-test-table tbody tr:hover {
            background-color: #e3f2fd;
            transform: scale(1.01);
            transition: all 0.2s ease;
        }

        /* Result-specific row styling */
        .test-row-passed { border-left: 4px solid #4caf50; }
        .test-row-failed { border-left: 4px solid #f44336; }
        .test-row-skipped { border-left: 4px solid #ff9800; }
        .test-row-error { border-left: 4px solid #e91e63; }

        /* Result cell styling */
        .result-passed {
            background-color: #e8f5e8;
            color: #2e7d32;
            font-weight: bold;
            border-radius: 4px;
            padding: 4px 8px;
        }
        .result-failed {
            background-color: #ffebee;
            color: #c62828;
            font-weight: bold;
            border-radius: 4px;
            padding: 4px 8px;
        }
        .result-skipped {
            background-color: #fff3e0;
            color: #ef6c00;
            font-weight: bold;
            border-radius: 4px;
            padding: 4px 8px;
        }
        .result-error {
            background-color: #fce4ec;
            color: #ad1457;
            font-weight: bold;
            border-radius: 4px;
            padding: 4px 8px;
        }

        .result-details {
            max-width: 200px;
            text-align: left;
            font-size: 10px;
            word-wrap: break-word;
            overflow-wrap: break-word;
        }

        /* Error Analysis Section */
        .error-analysis-section {
            background: rgba(255, 235, 238, 0.9);
            border-left: 5px solid #f44336;
        }

        .error-insights-container {
            margin-top: 15px;
        }

        .error-insight-item {
            background: white;
            border-radius: 8px;
            padding: 15px;
            margin-bottom: 15px;
            border-left: 4px solid #f44336;
            box-shadow: 0 2px 8px rgba(244, 67, 54, 0.1);
        }

        .error-insight-header {
            display: flex;
            justify-content: space-between;
            align-items: center;
            margin-bottom: 10px;
        }

        .error-test-name {
            font-weight: bold;
            color: #c62828;
            font-size: 14px;
        }

        .error-badge {
            background: #f44336;
            color: white;
            padding: 4px 12px;
            border-radius: 12px;
            font-size: 11px;
            font-weight: bold;
        }

        .error-insight-body {
            color: #666;
            font-size: 13px;
        }

        .error-insight-body p {
            margin: 8px 0;
        }

        .error-insight-body .suggested-action {
            color: #1976d2;
            background: #e3f2fd;
            padding: 8px;
            border-radius: 6px;
            border-left: 3px solid #1976d2;
        }

        /* Filter and Sort Controls */
        .table-controls {
            background: #f5f5f5;
            padding: 15px;
            border-radius: 8px;
            margin-bottom: 15px;
            display: flex;
            gap: 15px;
            align-items: center;
            flex-wrap: wrap;
        }

        .filter-group {
            display: flex;
            gap: 8px;
            align-items: center;
        }

        .filter-group label {
            font-weight: 600;
            color: #555;
            font-size: 13px;
        }

        .filter-input {
            padding: 6px 12px;
            border: 1px solid #ddd;
            border-radius: 4px;
            font-size: 13px;
            min-width: 200px;
        }

        .filter-select {
            padding: 6px 12px;
            border: 1px solid #ddd;
            border-radius: 4px;
            font-size: 13px;
            background: white;
            cursor: pointer;
        }

        .clear-filters-btn {
            padding: 6px 16px;
            background: #ff9800;
            color: white;
            border: none;
            border-radius: 4px;
            cursor: pointer;
            font-size: 13px;
            font-weight: 600;
            transition: all 0.3s ease;
        }

        .clear-filters-btn:hover {
            background: #f57c00;
            transform: translateY(-1px);
        }

        .sortable-header {
            cursor: pointer;
            user-select: none;
            position: relative;
            padding-right: 20px !important;
        }

        .sortable-header:hover {
            background: rgba(255,255,255,0.1);
        }

        .sortable-header::after {
            content: '‚áÖ';
            position: absolute;
            right: 8px;
            opacity: 0.5;
            font-size: 14px;
        }

        .sortable-header.sort-asc::after {
            content: '‚Üë';
            opacity: 1;
        }

        .sortable-header.sort-desc::after {
            content: '‚Üì';
            opacity: 1;
        }

        /* Test Steps Section */
        .test-steps-section {
            background: rgba(232, 245, 233, 0.9);
            border-left: 5px solid #4caf50;
        }

        .test-steps-stats {
            display: flex;
            justify-content: space-around;
            margin: 15px 0;
            flex-wrap: wrap;
            gap: 10px;
        }

        .step-stat {
            background: white;
            padding: 10px 20px;
            border-radius: 8px;
            box-shadow: 0 2px 5px rgba(0, 0, 0, 0.1);
            text-align: center;
        }

        .step-stat strong {
            font-size: 18px;
            display: block;
            margin-top: 5px;
        }

        .step-stat.step-passed strong { color: #4caf50; }
        .step-stat.step-failed strong { color: #f44336; }
        .step-stat.step-skipped strong { color: #ff9800; }

        .test-steps-table-container {
            margin-top: 20px;
            overflow-x: auto;
        }

        .test-steps-table {
            width: 100%;
            border-collapse: collapse;
            background: white;
            border-radius: 8px;
            overflow: hidden;
            box-shadow: 0 2px 8px rgba(0, 0, 0, 0.1);
        }

        .test-steps-table th {
            background: linear-gradient(135deg, #4caf50 0%, #45a049 100%);
            color: white;
            padding: 12px;
            text-align: left;
            font-weight: bold;
        }

        .test-steps-table td {
            padding: 10px 12px;
            border-bottom: 1px solid #e0e0e0;
        }

        .test-steps-table tbody tr:hover {
            background-color: #f5f5f5;
        }

        .step-row-passed { background-color: #e8f5e9; }
        .step-row-failed { background-color: #ffebee; }
        .step-row-skipped { background-color: #fff3e0; }

        @media (max-width: 768px) {
            .container { padding: 15px; }
            .chart-wrapper { width: 250px; height: 250px; }
            .info-grid { grid-template-columns: 1fr; }
            .status-dashboard { grid-template-columns: repeat(2, 1fr); }
            .comprehensive-test-table { font-size: 10px; }
            .comprehensive-test-table th,
            .comprehensive-test-table td { padding: 6px 4px; }
            .test-steps-stats { flex-direction: column; }
            .error-insight-header { flex-direction: column; align-items: flex-start; gap: 8px; }
        }
    </style>
        

    <div class="container">
        <div class="header-section">
            <div class="logo-title-container">
                <div class="logo-container">
                    <div style="height: 50px; width: 120px; background: white; border-radius: 5px; display: flex; align-items: center; justify-content: center; font-weight: bold; font-size: 11px; color: #004488; padding: 5px;">Company Logo</div>
                </div>
                <div class="title-container">
                    <h1 class="main-title">PYTEST HTML DASHBOARD - Test Execution & Analsis Report</h1>
                </div>
                <div class="logo-spacer" style="width: 50px;"></div>
            </div>
        </div>
        

        <div class="comprehensive-section">
            <div class="section-title">‚öôÔ∏è Test Configuration</div>
            <div class="info-grid">
                <div class="info-item">
                    <div class="info-label">Test Type:</div>
                    <div class="info-value">Automated Test Suite</div>
                </div>
                <div class="info-item">
                    <div class="info-label">Execution Mode:</div>
                    <div class="info-value">Sequential</div>
                </div>
                <div class="info-item">
                    <div class="info-label">Parallel Execution:</div>
                    <div class="info-value">No</div>
                </div>
                <div class="info-item">
                    <div class="info-label">Retry Failed Tests:</div>
                    <div class="info-value">No</div>
                </div>
                <div class="info-item">
                    <div class="info-label">Test Data Source:</div>
                    <div class="info-value">Configuration Files</div>
                </div>
                <div class="info-item">
                    <div class="info-label">Reporting Format:</div>
                    <div class="info-value">HTML</div>
                </div>
                <div class="info-item">
                    <div class="info-label">Screenshot on Failure:</div>
                    <div class="info-value">Yes</div>
                </div>
                <div class="info-item">
                    <div class="info-label">Video Recording:</div>
                    <div class="info-value">No</div>
                </div>
            </div>
        </div>
        

        <div class="comprehensive-section">
            <div class="section-title">üåç Environment Details</div>
            <div class="info-grid">
                <div class="info-item">
                    <div class="info-label">Python Version:</div>
                    <div class="info-value">3.13.1</div>
                </div>
                <div class="info-item">
                    <div class="info-label">Pytest Version:</div>
                    <div class="info-value">8.3.5</div>
                </div>
                <div class="info-item">
                    <div class="info-label">Platform:</div>
                    <div class="info-value">Windows 11 (AMD64)</div>
                </div>
                <div class="info-item">
                    <div class="info-label">Test Runner:</div>
                    <div class="info-value">Test Automation Framework</div>
                </div>
                <div class="info-item">
                    <div class="info-label">Test Start Time:</div>
                    <div class="info-value">2025-11-22 15:56:04</div>
                </div>
                <div class="info-item">
                    <div class="info-label">Total Duration:</div>
                    <div class="info-value">0.45 seconds</div>
                </div>
                <div class="info-item">
                    <div class="info-label">Report Generated:</div>
                    <div class="info-value">2025-11-22 15:56:04</div>
                </div>
            </div>
        </div>
        

        <div class="comprehensive-section">
            <div class="section-title">üìä Test Execution Summary</div>
            <div class="status-dashboard">
                <div class="status-card status-total">
                    <div style="font-size: 24px;">üìù 31</div>
                    <div>Total Tests</div>
                </div>
                <div class="status-card status-passed">
                    <div style="font-size: 24px;">‚úÖ 17</div>
                    <div>Passed</div>
                </div>
                <div class="status-card status-failed">
                    <div style="font-size: 24px;">‚ùå 13</div>
                    <div>Failed</div>
                </div>
                <div class="status-card status-skipped">
                    <div style="font-size: 24px;">‚è≠Ô∏è 1</div>
                    <div>Skipped</div>
                </div>
            </div>

            <div class="chart-container">
                <div class="chart-wrapper">
                    <canvas id="statusChart"></canvas>
                </div>
                <div class="chart-wrapper">
                    <canvas id="passRateChart"></canvas>
                </div>
            </div>
        </div>
    </div>
        

        <div class="comprehensive-section error-analysis-section">
            <div class="section-header">
                <h3>üö® ERROR ANALYSIS & INSIGHTS</h3>
            </div>
            <div class="error-insights-container">
                
                        <div class="error-insight-item">
                            <div class="error-insight-header">
                                <span class="error-test-name">üî¥ tests/test_dashboard_features.py::TestFailureScenarios::test_assertion_failure</span>
                                <span class="error-badge">UNKNOWN</span>
                            </div>
                            <div class="error-insight-body">
                                <p><strong>Error Type:</strong> AssertionError</p>
                                <p><strong>Message:</strong> Expected 100, got 50
assert 50 == 100</p>
                                <p class="suggested-action"><strong>üí° Suggested Action:</strong> Review error message and stack trace, check logs for additional context</p>
                            </div>
                        </div>
                    
                        <div class="error-insight-item">
                            <div class="error-insight-header">
                                <span class="error-test-name">üî¥ tests/test_dashboard_features.py::TestFailureScenarios::test_comparison_failure</span>
                                <span class="error-badge">UNKNOWN</span>
                            </div>
                            <div class="error-insight-body">
                                <p><strong>Error Type:</strong> AssertionError</p>
                                <p><strong>Message:</strong> Age mismatch in user data
assert 30 == 25</p>
                                <p class="suggested-action"><strong>üí° Suggested Action:</strong> Review error message and stack trace, check logs for additional context</p>
                            </div>
                        </div>
                    
                        <div class="error-insight-item">
                            <div class="error-insight-header">
                                <span class="error-test-name">üî¥ tests/test_dashboard_features.py::TestFailureScenarios::test_list_assertion_failure</span>
                                <span class="error-badge">UNKNOWN</span>
                            </div>
                            <div class="error-insight-body">
                                <p><strong>Error Type:</strong> AssertionError</p>
                                <p><strong>Message:</strong> List elements don't match
assert [1, 2, 3, 4, 6] == [1, 2, 3, 4, 5]
  
  At index 4 diff: [0m[94m6[39;49;00m[90m[39;49;00m != [0m[94m5[39;49;00m[90m[39;49;00m
  Use -v to get more diff</p>
                                <p class="suggested-action"><strong>üí° Suggested Action:</strong> Review error message and stack trace, check logs for additional context</p>
                            </div>
                        </div>
                    
                        <div class="error-insight-item">
                            <div class="error-insight-header">
                                <span class="error-test-name">üî¥ tests/test_dashboard_features.py::TestFailureScenarios::test_type_error_example</span>
                                <span class="error-badge">UNKNOWN</span>
                            </div>
                            <div class="error-insight-body">
                                <p><strong>Error Type:</strong> TypeError</p>
                                <p><strong>Message:</strong> can only concatenate str (not "int") to str</p>
                                <p class="suggested-action"><strong>üí° Suggested Action:</strong> Review error message and stack trace, check logs for additional context</p>
                            </div>
                        </div>
                    
                        <div class="error-insight-item">
                            <div class="error-insight-header">
                                <span class="error-test-name">üî¥ tests/test_dashboard_features.py::TestFailureScenarios::test_zero_division_error</span>
                                <span class="error-badge">UNKNOWN</span>
                            </div>
                            <div class="error-insight-body">
                                <p><strong>Error Type:</strong> ZeroDivisionError</p>
                                <p><strong>Message:</strong> division by zero</p>
                                <p class="suggested-action"><strong>üí° Suggested Action:</strong> Review error message and stack trace, check logs for additional context</p>
                            </div>
                        </div>
                    
                        <div class="error-insight-item">
                            <div class="error-insight-header">
                                <span class="error-test-name">üî¥ tests/test_dashboard_features.py::TestFailureScenarios::test_key_error_example</span>
                                <span class="error-badge">UNKNOWN</span>
                            </div>
                            <div class="error-insight-body">
                                <p><strong>Error Type:</strong> KeyError</p>
                                <p><strong>Message:</strong> 'email'</p>
                                <p class="suggested-action"><strong>üí° Suggested Action:</strong> Review error message and stack trace, check logs for additional context</p>
                            </div>
                        </div>
                    
                        <div class="error-insight-item">
                            <div class="error-insight-header">
                                <span class="error-test-name">üî¥ tests/test_dashboard_features.py::TestFailureScenarios::test_index_error_example</span>
                                <span class="error-badge">INDEX_ERROR</span>
                            </div>
                            <div class="error-insight-body">
                                <p><strong>Error Type:</strong> IndexError</p>
                                <p><strong>Message:</strong> list index out of range</p>
                                <p class="suggested-action"><strong>üí° Suggested Action:</strong> Check list bounds, verify array access, validate index values</p>
                            </div>
                        </div>
                    
                        <div class="error-insight-item">
                            <div class="error-insight-header">
                                <span class="error-test-name">üî¥ tests/test_dashboard_features.py::TestFailureScenarios::test_attribute_error_example</span>
                                <span class="error-badge">ATTRIBUTE_ERROR</span>
                            </div>
                            <div class="error-insight-body">
                                <p><strong>Error Type:</strong> AttributeError</p>
                                <p><strong>Message:</strong> 'str' object has no attribute 'non_existent_method'</p>
                                <p class="suggested-action"><strong>üí° Suggested Action:</strong> Check object attributes, verify class definitions, review API usage</p>
                            </div>
                        </div>
                    
                        <div class="error-insight-item">
                            <div class="error-insight-header">
                                <span class="error-test-name">üî¥ tests/test_dashboard_features.py::TestDataValidation::test_email_validation_fail</span>
                                <span class="error-badge">UNKNOWN</span>
                            </div>
                            <div class="error-insight-body">
                                <p><strong>Error Type:</strong> AssertionError</p>
                                <p><strong>Message:</strong> Email must contain @ symbol
assert '@' in 'invalid-email'</p>
                                <p class="suggested-action"><strong>üí° Suggested Action:</strong> Review error message and stack trace, check logs for additional context</p>
                            </div>
                        </div>
                    
                        <div class="error-insight-item">
                            <div class="error-insight-header">
                                <span class="error-test-name">üî¥ tests/test_dashboard_features.py::TestDataValidation::test_password_strength_fail</span>
                                <span class="error-badge">UNKNOWN</span>
                            </div>
                            <div class="error-insight-body">
                                <p><strong>Error Type:</strong> AssertionError</p>
                                <p><strong>Message:</strong> Password must be at least 8 characters
assert 4 >= 8
 +  where 4 = len('weak')</p>
                                <p class="suggested-action"><strong>üí° Suggested Action:</strong> Review error message and stack trace, check logs for additional context</p>
                            </div>
                        </div>
                    
                        <div class="error-insight-item">
                            <div class="error-insight-header">
                                <span class="error-test-name">üî¥ tests/test_dashboard_features.py::TestAPISimulation::test_api_status_code_404</span>
                                <span class="error-badge">UNKNOWN</span>
                            </div>
                            <div class="error-insight-body">
                                <p><strong>Error Type:</strong> AssertionError</p>
                                <p><strong>Message:</strong> API returned 404 instead of 200
assert 404 == 200</p>
                                <p class="suggested-action"><strong>üí° Suggested Action:</strong> Review error message and stack trace, check logs for additional context</p>
                            </div>
                        </div>
                    
                        <div class="error-insight-item">
                            <div class="error-insight-header">
                                <span class="error-test-name">üî¥ tests/test_dashboard_features.py::TestAPISimulation::test_api_response_validation_fail</span>
                                <span class="error-badge">UNKNOWN</span>
                            </div>
                            <div class="error-insight-body">
                                <p><strong>Error Type:</strong> AssertionError</p>
                                <p><strong>Message:</strong> API call failed: Not found
assert 'error' == 'success'
  
  - success
  + error</p>
                                <p class="suggested-action"><strong>üí° Suggested Action:</strong> Review error message and stack trace, check logs for additional context</p>
                            </div>
                        </div>
                    
                        <div class="error-insight-item">
                            <div class="error-insight-header">
                                <span class="error-test-name">üî¥ tests/test_dashboard_features.py::TestWithFixtures::test_fixture_data_modification_fail</span>
                                <span class="error-badge">UNKNOWN</span>
                            </div>
                            <div class="error-insight-body">
                                <p><strong>Error Type:</strong> AssertionError</p>
                                <p><strong>Message:</strong> Email was modified
assert 'wrong@example.com' == 'test@example.com'
  
  - test@example.com
  + wrong@example.com</p>
                                <p class="suggested-action"><strong>üí° Suggested Action:</strong> Review error message and stack trace, check logs for additional context</p>
                            </div>
                        </div>
                    
            </div>
        </div>
        

        <div class="comprehensive-section">
            <div class="section-header">
                <h3>üìä COMPREHENSIVE TEST RESULTS</h3>
            </div>
            <div class="table-controls">
                <div class="filter-group">
                    <label>üîç Search:</label>
                    <input type="text" id="testSearchInput" class="filter-input" placeholder="Search by test name..." onkeyup="filterTests()">
                </div>
                <div class="filter-group">
                    <label>üìä Status:</label>
                    <select id="statusFilter" class="filter-select" onchange="filterTests()">
                        <option value="all">All</option>
                        <option value="passed">Passed</option>
                        <option value="failed">Failed</option>
                        <option value="skipped">Skipped</option>
                    </select>
                </div>
                <div class="filter-group">
                    <label>‚ö†Ô∏è Error Category:</label>
                    <select id="categoryFilter" class="filter-select" onchange="filterTests()">
                        <option value="all">All</option>
                        <option value="assertion">Assertion</option>
                        <option value="runtime">Runtime</option>
                        <option value="setup">Setup/Teardown</option>
                    </select>
                </div>
                <button class="clear-filters-btn" onclick="clearFilters()">üîÑ Clear Filters</button>
            </div>
            <div class="test-table-container">
                <table class="comprehensive-test-table" id="comprehensiveTestTable">
                    <thead>
                        <tr>
                            <th class="col-sno sortable-header" onclick="sortTable(0)">S.No</th>
                            <th class="col-name sortable-header" onclick="sortTable(1)">Test Case</th>
                            <th class="col-start-time sortable-header" onclick="sortTable(2)">Start Time</th>
                            <th class="col-end-time sortable-header" onclick="sortTable(3)">End Time</th>
                            <th class="col-duration sortable-header" onclick="sortTable(4)">Duration</th>
                            <th class="col-result sortable-header" onclick="sortTable(5)">Result</th>
                            <th class="col-error-category sortable-header" onclick="sortTable(6)">Error Category</th>
                            <th class="col-result-details">Result Details</th>
                        </tr>
                    </thead>
                    <tbody>
                        
                <tr class="test-row-passed">
                    <td class="col-sno">1</td>
                    <td class="col-name">tests/test_dashboard_features.py::TestBasicFeatures::test_simple_pass</td>
                    <td class="col-start-time">15:56:04</td>
                    <td class="col-end-time">15:56:04</td>
                    <td class="col-duration">0.000s</td>
                    <td class="col-result passed"><span class="result-passed">PASSED</span></td>
                    <td class="col-error-category"><span class="error-category">N/A</span></td>
                    <td class="col-result-details">
                        
                    </td>
                </tr>
            
                <tr class="test-row-passed">
                    <td class="col-sno">2</td>
                    <td class="col-name">tests/test_dashboard_features.py::TestBasicFeatures::test_math_operations_pass</td>
                    <td class="col-start-time">15:56:04</td>
                    <td class="col-end-time">15:56:04</td>
                    <td class="col-duration">0.000s</td>
                    <td class="col-result passed"><span class="result-passed">PASSED</span></td>
                    <td class="col-error-category"><span class="error-category">N/A</span></td>
                    <td class="col-result-details">
                        
                    </td>
                </tr>
            
                <tr class="test-row-passed">
                    <td class="col-sno">3</td>
                    <td class="col-name">tests/test_dashboard_features.py::TestBasicFeatures::test_string_operations_pass</td>
                    <td class="col-start-time">15:56:04</td>
                    <td class="col-end-time">15:56:04</td>
                    <td class="col-duration">0.000s</td>
                    <td class="col-result passed"><span class="result-passed">PASSED</span></td>
                    <td class="col-error-category"><span class="error-category">N/A</span></td>
                    <td class="col-result-details">
                        
                    </td>
                </tr>
            
                <tr class="test-row-failed">
                    <td class="col-sno">4</td>
                    <td class="col-name">tests/test_dashboard_features.py::TestFailureScenarios::test_assertion_failure</td>
                    <td class="col-start-time">15:56:04</td>
                    <td class="col-end-time">15:56:04</td>
                    <td class="col-duration">0.001s</td>
                    <td class="col-result failed"><span class="result-failed">FAILED</span></td>
                    <td class="col-error-category"><span class="error-category">UNKNOWN</span></td>
                    <td class="col-result-details">
                        <div class="error-details-container"><button class="error-toggle-btn" onclick="toggleError(4, event)">View Error</button>
                        <div class="error-details-popup" id="error-4">
                            <h5>üö´ Error Details</h5>
                            <table class="error-info-table">
                                <tr><td><strong>Type:</strong></td><td>AssertionError</td></tr>
                                <tr><td><strong>Category:</strong></td><td>UNKNOWN</td></tr>
                                <tr><td><strong>Message:</strong></td><td>Expected 100, got 50
assert 50 == 100</td></tr>
                                <tr><td><strong>Suggested Action:</strong></td><td class="suggested-action">Review error message and stack trace, check logs for additional context</td></tr>
                            </table>
                            <div class="stack-trace"><h6>Stack Trace:</h6><pre>NoneType: None
</pre></div>
                        </div>
                    </div>
                    </td>
                </tr>
            
                <tr class="test-row-failed">
                    <td class="col-sno">5</td>
                    <td class="col-name">tests/test_dashboard_features.py::TestFailureScenarios::test_comparison_failure</td>
                    <td class="col-start-time">15:56:04</td>
                    <td class="col-end-time">15:56:04</td>
                    <td class="col-duration">0.000s</td>
                    <td class="col-result failed"><span class="result-failed">FAILED</span></td>
                    <td class="col-error-category"><span class="error-category">UNKNOWN</span></td>
                    <td class="col-result-details">
                        <div class="error-details-container"><button class="error-toggle-btn" onclick="toggleError(5, event)">View Error</button>
                        <div class="error-details-popup" id="error-5">
                            <h5>üö´ Error Details</h5>
                            <table class="error-info-table">
                                <tr><td><strong>Type:</strong></td><td>AssertionError</td></tr>
                                <tr><td><strong>Category:</strong></td><td>UNKNOWN</td></tr>
                                <tr><td><strong>Message:</strong></td><td>Age mismatch in user data
assert 30 == 25</td></tr>
                                <tr><td><strong>Suggested Action:</strong></td><td class="suggested-action">Review error message and stack trace, check logs for additional context</td></tr>
                            </table>
                            <div class="stack-trace"><h6>Stack Trace:</h6><pre>NoneType: None
</pre></div>
                        </div>
                    </div>
                    </td>
                </tr>
            
                <tr class="test-row-failed">
                    <td class="col-sno">6</td>
                    <td class="col-name">tests/test_dashboard_features.py::TestFailureScenarios::test_list_assertion_failure</td>
                    <td class="col-start-time">15:56:04</td>
                    <td class="col-end-time">15:56:04</td>
                    <td class="col-duration">0.042s</td>
                    <td class="col-result failed"><span class="result-failed">FAILED</span></td>
                    <td class="col-error-category"><span class="error-category">UNKNOWN</span></td>
                    <td class="col-result-details">
                        <div class="error-details-container"><button class="error-toggle-btn" onclick="toggleError(6, event)">View Error</button>
                        <div class="error-details-popup" id="error-6">
                            <h5>üö´ Error Details</h5>
                            <table class="error-info-table">
                                <tr><td><strong>Type:</strong></td><td>AssertionError</td></tr>
                                <tr><td><strong>Category:</strong></td><td>UNKNOWN</td></tr>
                                <tr><td><strong>Message:</strong></td><td>List elements don't match
assert [1, 2, 3, 4, 6] == [1, 2, 3, 4, 5]
  
  At index 4 diff: [0m[94m6[39;49;00m[90m[39;49;00m != [0m[94m5[39;49;00m[90m[39;49;00m
  Use -v to get more diff</td></tr>
                                <tr><td><strong>Suggested Action:</strong></td><td class="suggested-action">Review error message and stack trace, check logs for additional context</td></tr>
                            </table>
                            <div class="stack-trace"><h6>Stack Trace:</h6><pre>NoneType: None
</pre></div>
                        </div>
                    </div>
                    </td>
                </tr>
            
                <tr class="test-row-failed">
                    <td class="col-sno">7</td>
                    <td class="col-name">tests/test_dashboard_features.py::TestFailureScenarios::test_type_error_example</td>
                    <td class="col-start-time">15:56:04</td>
                    <td class="col-end-time">15:56:04</td>
                    <td class="col-duration">0.000s</td>
                    <td class="col-result failed"><span class="result-failed">FAILED</span></td>
                    <td class="col-error-category"><span class="error-category">UNKNOWN</span></td>
                    <td class="col-result-details">
                        <div class="error-details-container"><button class="error-toggle-btn" onclick="toggleError(7, event)">View Error</button>
                        <div class="error-details-popup" id="error-7">
                            <h5>üö´ Error Details</h5>
                            <table class="error-info-table">
                                <tr><td><strong>Type:</strong></td><td>TypeError</td></tr>
                                <tr><td><strong>Category:</strong></td><td>UNKNOWN</td></tr>
                                <tr><td><strong>Message:</strong></td><td>can only concatenate str (not "int") to str</td></tr>
                                <tr><td><strong>Suggested Action:</strong></td><td class="suggested-action">Review error message and stack trace, check logs for additional context</td></tr>
                            </table>
                            <div class="stack-trace"><h6>Stack Trace:</h6><pre>NoneType: None
</pre></div>
                        </div>
                    </div>
                    </td>
                </tr>
            
                <tr class="test-row-failed">
                    <td class="col-sno">8</td>
                    <td class="col-name">tests/test_dashboard_features.py::TestFailureScenarios::test_zero_division_error</td>
                    <td class="col-start-time">15:56:04</td>
                    <td class="col-end-time">15:56:04</td>
                    <td class="col-duration">0.000s</td>
                    <td class="col-result failed"><span class="result-failed">FAILED</span></td>
                    <td class="col-error-category"><span class="error-category">UNKNOWN</span></td>
                    <td class="col-result-details">
                        <div class="error-details-container"><button class="error-toggle-btn" onclick="toggleError(8, event)">View Error</button>
                        <div class="error-details-popup" id="error-8">
                            <h5>üö´ Error Details</h5>
                            <table class="error-info-table">
                                <tr><td><strong>Type:</strong></td><td>ZeroDivisionError</td></tr>
                                <tr><td><strong>Category:</strong></td><td>UNKNOWN</td></tr>
                                <tr><td><strong>Message:</strong></td><td>division by zero</td></tr>
                                <tr><td><strong>Suggested Action:</strong></td><td class="suggested-action">Review error message and stack trace, check logs for additional context</td></tr>
                            </table>
                            <div class="stack-trace"><h6>Stack Trace:</h6><pre>NoneType: None
</pre></div>
                        </div>
                    </div>
                    </td>
                </tr>
            
                <tr class="test-row-failed">
                    <td class="col-sno">9</td>
                    <td class="col-name">tests/test_dashboard_features.py::TestFailureScenarios::test_key_error_example</td>
                    <td class="col-start-time">15:56:04</td>
                    <td class="col-end-time">15:56:04</td>
                    <td class="col-duration">0.000s</td>
                    <td class="col-result failed"><span class="result-failed">FAILED</span></td>
                    <td class="col-error-category"><span class="error-category">UNKNOWN</span></td>
                    <td class="col-result-details">
                        <div class="error-details-container"><button class="error-toggle-btn" onclick="toggleError(9, event)">View Error</button>
                        <div class="error-details-popup" id="error-9">
                            <h5>üö´ Error Details</h5>
                            <table class="error-info-table">
                                <tr><td><strong>Type:</strong></td><td>KeyError</td></tr>
                                <tr><td><strong>Category:</strong></td><td>UNKNOWN</td></tr>
                                <tr><td><strong>Message:</strong></td><td>'email'</td></tr>
                                <tr><td><strong>Suggested Action:</strong></td><td class="suggested-action">Review error message and stack trace, check logs for additional context</td></tr>
                            </table>
                            <div class="stack-trace"><h6>Stack Trace:</h6><pre>NoneType: None
</pre></div>
                        </div>
                    </div>
                    </td>
                </tr>
            
                <tr class="test-row-failed">
                    <td class="col-sno">10</td>
                    <td class="col-name">tests/test_dashboard_features.py::TestFailureScenarios::test_index_error_example</td>
                    <td class="col-start-time">15:56:04</td>
                    <td class="col-end-time">15:56:04</td>
                    <td class="col-duration">0.000s</td>
                    <td class="col-result failed"><span class="result-failed">FAILED</span></td>
                    <td class="col-error-category"><span class="error-category">INDEX_ERROR</span></td>
                    <td class="col-result-details">
                        <div class="error-details-container"><button class="error-toggle-btn" onclick="toggleError(10, event)">View Error</button>
                        <div class="error-details-popup" id="error-10">
                            <h5>üö´ Error Details</h5>
                            <table class="error-info-table">
                                <tr><td><strong>Type:</strong></td><td>IndexError</td></tr>
                                <tr><td><strong>Category:</strong></td><td>INDEX_ERROR</td></tr>
                                <tr><td><strong>Message:</strong></td><td>list index out of range</td></tr>
                                <tr><td><strong>Suggested Action:</strong></td><td class="suggested-action">Check list bounds, verify array access, validate index values</td></tr>
                            </table>
                            <div class="stack-trace"><h6>Stack Trace:</h6><pre>NoneType: None
</pre></div>
                        </div>
                    </div>
                    </td>
                </tr>
            
                <tr class="test-row-failed">
                    <td class="col-sno">11</td>
                    <td class="col-name">tests/test_dashboard_features.py::TestFailureScenarios::test_attribute_error_example</td>
                    <td class="col-start-time">15:56:04</td>
                    <td class="col-end-time">15:56:04</td>
                    <td class="col-duration">0.000s</td>
                    <td class="col-result failed"><span class="result-failed">FAILED</span></td>
                    <td class="col-error-category"><span class="error-category">ATTRIBUTE_ERROR</span></td>
                    <td class="col-result-details">
                        <div class="error-details-container"><button class="error-toggle-btn" onclick="toggleError(11, event)">View Error</button>
                        <div class="error-details-popup" id="error-11">
                            <h5>üö´ Error Details</h5>
                            <table class="error-info-table">
                                <tr><td><strong>Type:</strong></td><td>AttributeError</td></tr>
                                <tr><td><strong>Category:</strong></td><td>ATTRIBUTE_ERROR</td></tr>
                                <tr><td><strong>Message:</strong></td><td>'str' object has no attribute 'non_existent_method'</td></tr>
                                <tr><td><strong>Suggested Action:</strong></td><td class="suggested-action">Check object attributes, verify class definitions, review API usage</td></tr>
                            </table>
                            <div class="stack-trace"><h6>Stack Trace:</h6><pre>NoneType: None
</pre></div>
                        </div>
                    </div>
                    </td>
                </tr>
            
                <tr class="test-row-passed">
                    <td class="col-sno">12</td>
                    <td class="col-name">tests/test_dashboard_features.py::TestWithDurations::test_fast_execution</td>
                    <td class="col-start-time">15:56:04</td>
                    <td class="col-end-time">15:56:04</td>
                    <td class="col-duration">0.000s</td>
                    <td class="col-result passed"><span class="result-passed">PASSED</span></td>
                    <td class="col-error-category"><span class="error-category">N/A</span></td>
                    <td class="col-result-details">
                        
                    </td>
                </tr>
            
                <tr class="test-row-passed">
                    <td class="col-sno">13</td>
                    <td class="col-name">tests/test_dashboard_features.py::TestWithDurations::test_medium_duration</td>
                    <td class="col-start-time">15:56:04</td>
                    <td class="col-end-time">15:56:04</td>
                    <td class="col-duration">0.101s</td>
                    <td class="col-result passed"><span class="result-passed">PASSED</span></td>
                    <td class="col-error-category"><span class="error-category">N/A</span></td>
                    <td class="col-result-details">
                        
                    </td>
                </tr>
            
                <tr class="test-row-passed">
                    <td class="col-sno">14</td>
                    <td class="col-name">tests/test_dashboard_features.py::TestWithDurations::test_slow_execution</td>
                    <td class="col-start-time">15:56:04</td>
                    <td class="col-end-time">15:56:04</td>
                    <td class="col-duration">0.301s</td>
                    <td class="col-result passed"><span class="result-passed">PASSED</span></td>
                    <td class="col-error-category"><span class="error-category">N/A</span></td>
                    <td class="col-result-details">
                        
                    </td>
                </tr>
            
                <tr class="test-row-passed">
                    <td class="col-sno">15</td>
                    <td class="col-name">tests/test_dashboard_features.py::TestComplexScenarios::test_nested_data_structures</td>
                    <td class="col-start-time">15:56:04</td>
                    <td class="col-end-time">15:56:04</td>
                    <td class="col-duration">0.000s</td>
                    <td class="col-result passed"><span class="result-passed">PASSED</span></td>
                    <td class="col-error-category"><span class="error-category">N/A</span></td>
                    <td class="col-result-details">
                        
                    </td>
                </tr>
            
                <tr class="test-row-passed">
                    <td class="col-sno">16</td>
                    <td class="col-name">tests/test_dashboard_features.py::TestComplexScenarios::test_multiple_assertions</td>
                    <td class="col-start-time">15:56:04</td>
                    <td class="col-end-time">15:56:04</td>
                    <td class="col-duration">0.000s</td>
                    <td class="col-result passed"><span class="result-passed">PASSED</span></td>
                    <td class="col-error-category"><span class="error-category">N/A</span></td>
                    <td class="col-result-details">
                        
                    </td>
                </tr>
            
                <tr class="test-row-skipped">
                    <td class="col-sno">17</td>
                    <td class="col-name">tests/test_dashboard_features.py::TestComplexScenarios::test_expected_failure</td>
                    <td class="col-start-time">15:56:04</td>
                    <td class="col-end-time">15:56:04</td>
                    <td class="col-duration">0.000s</td>
                    <td class="col-result skipped"><span class="result-skipped">SKIPPED</span></td>
                    <td class="col-error-category"><span class="error-category">N/A</span></td>
                    <td class="col-result-details">
                        
                    </td>
                </tr>
            
                <tr class="test-row-passed">
                    <td class="col-sno">18</td>
                    <td class="col-name">tests/test_dashboard_features.py::TestComplexScenarios::test_boundary_conditions</td>
                    <td class="col-start-time">15:56:04</td>
                    <td class="col-end-time">15:56:04</td>
                    <td class="col-duration">0.000s</td>
                    <td class="col-result passed"><span class="result-passed">PASSED</span></td>
                    <td class="col-error-category"><span class="error-category">N/A</span></td>
                    <td class="col-result-details">
                        
                    </td>
                </tr>
            
                <tr class="test-row-passed">
                    <td class="col-sno">19</td>
                    <td class="col-name">tests/test_dashboard_features.py::TestDataValidation::test_email_validation_pass</td>
                    <td class="col-start-time">15:56:04</td>
                    <td class="col-end-time">15:56:04</td>
                    <td class="col-duration">0.000s</td>
                    <td class="col-result passed"><span class="result-passed">PASSED</span></td>
                    <td class="col-error-category"><span class="error-category">N/A</span></td>
                    <td class="col-result-details">
                        
                    </td>
                </tr>
            
                <tr class="test-row-failed">
                    <td class="col-sno">20</td>
                    <td class="col-name">tests/test_dashboard_features.py::TestDataValidation::test_email_validation_fail</td>
                    <td class="col-start-time">15:56:04</td>
                    <td class="col-end-time">15:56:04</td>
                    <td class="col-duration">0.000s</td>
                    <td class="col-result failed"><span class="result-failed">FAILED</span></td>
                    <td class="col-error-category"><span class="error-category">UNKNOWN</span></td>
                    <td class="col-result-details">
                        <div class="error-details-container"><button class="error-toggle-btn" onclick="toggleError(20, event)">View Error</button>
                        <div class="error-details-popup" id="error-20">
                            <h5>üö´ Error Details</h5>
                            <table class="error-info-table">
                                <tr><td><strong>Type:</strong></td><td>AssertionError</td></tr>
                                <tr><td><strong>Category:</strong></td><td>UNKNOWN</td></tr>
                                <tr><td><strong>Message:</strong></td><td>Email must contain @ symbol
assert '@' in 'invalid-email'</td></tr>
                                <tr><td><strong>Suggested Action:</strong></td><td class="suggested-action">Review error message and stack trace, check logs for additional context</td></tr>
                            </table>
                            <div class="stack-trace"><h6>Stack Trace:</h6><pre>NoneType: None
</pre></div>
                        </div>
                    </div>
                    </td>
                </tr>
            
                <tr class="test-row-passed">
                    <td class="col-sno">21</td>
                    <td class="col-name">tests/test_dashboard_features.py::TestDataValidation::test_phone_number_validation</td>
                    <td class="col-start-time">15:56:04</td>
                    <td class="col-end-time">15:56:04</td>
                    <td class="col-duration">0.000s</td>
                    <td class="col-result passed"><span class="result-passed">PASSED</span></td>
                    <td class="col-error-category"><span class="error-category">N/A</span></td>
                    <td class="col-result-details">
                        
                    </td>
                </tr>
            
                <tr class="test-row-failed">
                    <td class="col-sno">22</td>
                    <td class="col-name">tests/test_dashboard_features.py::TestDataValidation::test_password_strength_fail</td>
                    <td class="col-start-time">15:56:04</td>
                    <td class="col-end-time">15:56:04</td>
                    <td class="col-duration">0.000s</td>
                    <td class="col-result failed"><span class="result-failed">FAILED</span></td>
                    <td class="col-error-category"><span class="error-category">UNKNOWN</span></td>
                    <td class="col-result-details">
                        <div class="error-details-container"><button class="error-toggle-btn" onclick="toggleError(22, event)">View Error</button>
                        <div class="error-details-popup" id="error-22">
                            <h5>üö´ Error Details</h5>
                            <table class="error-info-table">
                                <tr><td><strong>Type:</strong></td><td>AssertionError</td></tr>
                                <tr><td><strong>Category:</strong></td><td>UNKNOWN</td></tr>
                                <tr><td><strong>Message:</strong></td><td>Password must be at least 8 characters
assert 4 >= 8
 +  where 4 = len('weak')</td></tr>
                                <tr><td><strong>Suggested Action:</strong></td><td class="suggested-action">Review error message and stack trace, check logs for additional context</td></tr>
                            </table>
                            <div class="stack-trace"><h6>Stack Trace:</h6><pre>NoneType: None
</pre></div>
                        </div>
                    </div>
                    </td>
                </tr>
            
                <tr class="test-row-passed">
                    <td class="col-sno">23</td>
                    <td class="col-name">tests/test_dashboard_features.py::TestAPISimulation::test_api_status_code_200</td>
                    <td class="col-start-time">15:56:04</td>
                    <td class="col-end-time">15:56:04</td>
                    <td class="col-duration">0.000s</td>
                    <td class="col-result passed"><span class="result-passed">PASSED</span></td>
                    <td class="col-error-category"><span class="error-category">N/A</span></td>
                    <td class="col-result-details">
                        
                    </td>
                </tr>
            
                <tr class="test-row-failed">
                    <td class="col-sno">24</td>
                    <td class="col-name">tests/test_dashboard_features.py::TestAPISimulation::test_api_status_code_404</td>
                    <td class="col-start-time">15:56:04</td>
                    <td class="col-end-time">15:56:04</td>
                    <td class="col-duration">0.000s</td>
                    <td class="col-result failed"><span class="result-failed">FAILED</span></td>
                    <td class="col-error-category"><span class="error-category">UNKNOWN</span></td>
                    <td class="col-result-details">
                        <div class="error-details-container"><button class="error-toggle-btn" onclick="toggleError(24, event)">View Error</button>
                        <div class="error-details-popup" id="error-24">
                            <h5>üö´ Error Details</h5>
                            <table class="error-info-table">
                                <tr><td><strong>Type:</strong></td><td>AssertionError</td></tr>
                                <tr><td><strong>Category:</strong></td><td>UNKNOWN</td></tr>
                                <tr><td><strong>Message:</strong></td><td>API returned 404 instead of 200
assert 404 == 200</td></tr>
                                <tr><td><strong>Suggested Action:</strong></td><td class="suggested-action">Review error message and stack trace, check logs for additional context</td></tr>
                            </table>
                            <div class="stack-trace"><h6>Stack Trace:</h6><pre>NoneType: None
</pre></div>
                        </div>
                    </div>
                    </td>
                </tr>
            
                <tr class="test-row-passed">
                    <td class="col-sno">25</td>
                    <td class="col-name">tests/test_dashboard_features.py::TestAPISimulation::test_api_response_structure</td>
                    <td class="col-start-time">15:56:04</td>
                    <td class="col-end-time">15:56:04</td>
                    <td class="col-duration">0.000s</td>
                    <td class="col-result passed"><span class="result-passed">PASSED</span></td>
                    <td class="col-error-category"><span class="error-category">N/A</span></td>
                    <td class="col-result-details">
                        
                    </td>
                </tr>
            
                <tr class="test-row-failed">
                    <td class="col-sno">26</td>
                    <td class="col-name">tests/test_dashboard_features.py::TestAPISimulation::test_api_response_validation_fail</td>
                    <td class="col-start-time">15:56:04</td>
                    <td class="col-end-time">15:56:04</td>
                    <td class="col-duration">0.000s</td>
                    <td class="col-result failed"><span class="result-failed">FAILED</span></td>
                    <td class="col-error-category"><span class="error-category">UNKNOWN</span></td>
                    <td class="col-result-details">
                        <div class="error-details-container"><button class="error-toggle-btn" onclick="toggleError(26, event)">View Error</button>
                        <div class="error-details-popup" id="error-26">
                            <h5>üö´ Error Details</h5>
                            <table class="error-info-table">
                                <tr><td><strong>Type:</strong></td><td>AssertionError</td></tr>
                                <tr><td><strong>Category:</strong></td><td>UNKNOWN</td></tr>
                                <tr><td><strong>Message:</strong></td><td>API call failed: Not found
assert 'error' == 'success'
  
  - success
  + error</td></tr>
                                <tr><td><strong>Suggested Action:</strong></td><td class="suggested-action">Review error message and stack trace, check logs for additional context</td></tr>
                            </table>
                            <div class="stack-trace"><h6>Stack Trace:</h6><pre>NoneType: None
</pre></div>
                        </div>
                    </div>
                    </td>
                </tr>
            
                <tr class="test-row-passed">
                    <td class="col-sno">27</td>
                    <td class="col-name">tests/test_dashboard_features.py::TestPerformance::test_algorithm_performance</td>
                    <td class="col-start-time">15:56:04</td>
                    <td class="col-end-time">15:56:04</td>
                    <td class="col-duration">0.001s</td>
                    <td class="col-result passed"><span class="result-passed">PASSED</span></td>
                    <td class="col-error-category"><span class="error-category">N/A</span></td>
                    <td class="col-result-details">
                        
                    </td>
                </tr>
            
                <tr class="test-row-passed">
                    <td class="col-sno">28</td>
                    <td class="col-name">tests/test_dashboard_features.py::TestPerformance::test_memory_intensive_operation</td>
                    <td class="col-start-time">15:56:04</td>
                    <td class="col-end-time">15:56:04</td>
                    <td class="col-duration">0.003s</td>
                    <td class="col-result passed"><span class="result-passed">PASSED</span></td>
                    <td class="col-error-category"><span class="error-category">N/A</span></td>
                    <td class="col-result-details">
                        
                    </td>
                </tr>
            
                <tr class="test-row-passed">
                    <td class="col-sno">29</td>
                    <td class="col-name">tests/test_dashboard_features.py::TestWithFixtures::test_user_data_fixture</td>
                    <td class="col-start-time">15:56:04</td>
                    <td class="col-end-time">15:56:04</td>
                    <td class="col-duration">0.000s</td>
                    <td class="col-result passed"><span class="result-passed">PASSED</span></td>
                    <td class="col-error-category"><span class="error-category">N/A</span></td>
                    <td class="col-result-details">
                        
                    </td>
                </tr>
            
                <tr class="test-row-passed">
                    <td class="col-sno">30</td>
                    <td class="col-name">tests/test_dashboard_features.py::TestWithFixtures::test_database_config_fixture</td>
                    <td class="col-start-time">15:56:04</td>
                    <td class="col-end-time">15:56:04</td>
                    <td class="col-duration">0.000s</td>
                    <td class="col-result passed"><span class="result-passed">PASSED</span></td>
                    <td class="col-error-category"><span class="error-category">N/A</span></td>
                    <td class="col-result-details">
                        
                    </td>
                </tr>
            
                <tr class="test-row-failed">
                    <td class="col-sno">31</td>
                    <td class="col-name">tests/test_dashboard_features.py::TestWithFixtures::test_fixture_data_modification_fail</td>
                    <td class="col-start-time">15:56:04</td>
                    <td class="col-end-time">15:56:04</td>
                    <td class="col-duration">0.000s</td>
                    <td class="col-result failed"><span class="result-failed">FAILED</span></td>
                    <td class="col-error-category"><span class="error-category">UNKNOWN</span></td>
                    <td class="col-result-details">
                        <div class="error-details-container"><button class="error-toggle-btn" onclick="toggleError(31, event)">View Error</button>
                        <div class="error-details-popup" id="error-31">
                            <h5>üö´ Error Details</h5>
                            <table class="error-info-table">
                                <tr><td><strong>Type:</strong></td><td>AssertionError</td></tr>
                                <tr><td><strong>Category:</strong></td><td>UNKNOWN</td></tr>
                                <tr><td><strong>Message:</strong></td><td>Email was modified
assert 'wrong@example.com' == 'test@example.com'
  
  - test@example.com
  + wrong@example.com</td></tr>
                                <tr><td><strong>Suggested Action:</strong></td><td class="suggested-action">Review error message and stack trace, check logs for additional context</td></tr>
                            </table>
                            <div class="stack-trace"><h6>Stack Trace:</h6><pre>NoneType: None
</pre></div>
                        </div>
                    </div>
                    </td>
                </tr>
            
                    </tbody>
                </table>
            </div>
        </div>
        

        <div class="comprehensive-section test-steps-section" style="background: #f8f9fa; border-left: 5px solid #2196F3;">
            <div class="section-header" style="display: flex; align-items: center; gap: 10px; margin-bottom: 20px;">
                <div style="width: 40px; height: 40px; background: linear-gradient(135deg, #42a5f5, #1976d2); border-radius: 50%; display: flex; align-items: center; justify-content: center; color: white; font-size: 20px;">
                    üìä
                </div>
                <h3 style="margin: 0; color: #1976d2; font-size: 18px;">Detailed Step Execution Results</h3>
            </div>

            <div style="display: flex; gap: 20px; margin-bottom: 20px;">
                <div style="flex: 1;">
                    <div style="background: #e3f2fd; padding: 15px; border-radius: 8px; margin-bottom: 15px;">
                        <p style="margin: 0; color: #1976d2; font-size: 13px;">
                            <strong>üìã Overview:</strong> This section provides comprehensive details for each individual test step across all test cases.
                            Use the interactive features to explore step execution patterns and identify potential issues.
                        </p>
                    </div>
                    <div style="background: white; padding: 12px; border-radius: 6px; border-left: 3px solid #42a5f5;">
                        <p style="margin: 0; color: #666; font-size: 12px;">
                            <strong style="color: #1976d2;">[TIP]</strong> Click headers to sort &nbsp;
                            <strong style="color: #1976d2;">üîç</strong> Hover for tooltips &nbsp;
                            <strong style="color: #1976d2;">üìä</strong> Interactive charts
                        </p>
                    </div>
                </div>
                <div style="width: 250px;">
                    <div style="text-align: center; margin-bottom: 10px;">
                        <h4 style="margin: 0 0 10px 0; color: #666; font-size: 14px;">Step Status Overview</h4>
                    </div>
                    <div style="position: relative; width: 200px; height: 200px; margin: 0 auto;">
                        <canvas id="stepStatusChart"></canvas>
                    </div>
                </div>
            </div>

            <div class="test-steps-table-container" style="background: white; border-radius: 8px; overflow: hidden; box-shadow: 0 2px 8px rgba(0,0,0,0.1);">
                <table class="test-steps-table" style="width: 100%; border-collapse: collapse;">
                    <thead>
                        <tr style="background: linear-gradient(135deg, #1976d2, #1565c0);">
                            <th class="sortable-header" onclick="sortStepsTable(0)" style="padding: 12px; text-align: center; color: white; font-weight: 600; border-right: 1px solid rgba(255,255,255,0.2); cursor: pointer;">
                                üéØ Test Case
                            </th>
                            <th class="sortable-header" onclick="sortStepsTable(1)" style="padding: 12px; text-align: left; color: white; font-weight: 600; border-right: 1px solid rgba(255,255,255,0.2); cursor: pointer;">
                                üìù Step Name
                            </th>
                            <th class="sortable-header" onclick="sortStepsTable(2)" style="padding: 12px; text-align: center; color: white; font-weight: 600; border-right: 1px solid rgba(255,255,255,0.2); cursor: pointer;">
                                ‚ö° Status
                            </th>
                            <th style="padding: 12px; text-align: center; color: white; font-weight: 600; border-right: 1px solid rgba(255,255,255,0.2);">
                                üì∑ Screenshot
                            </th>
                            <th style="padding: 12px; text-align: left; color: white; font-weight: 600;">
                                ‚ö†Ô∏è Error Details
                            </th>
                        </tr>
                    </thead>
                    <tbody>
                        
                <tr class="step-row-passed">
                    <td style="text-align: center; font-weight: 600;">TestBasicFeatures</td>
                    <td style="text-align: left; padding-left: 15px;">1. test_simple_pass</td>
                    <td style="text-align: center;"><span class="status-badge status-pass">PASS</span></td>
                    <td style="text-align: center; color: #999;">N/A</td>
                    <td style="text-align: left; color: #d32f2f; font-size: 12px;">N/A</td>
                </tr>
            
                <tr class="step-row-passed">
                    <td style="text-align: center; font-weight: 600;">TestBasicFeatures</td>
                    <td style="text-align: left; padding-left: 15px;">2. test_math_operations_pass</td>
                    <td style="text-align: center;"><span class="status-badge status-pass">PASS</span></td>
                    <td style="text-align: center; color: #999;">N/A</td>
                    <td style="text-align: left; color: #d32f2f; font-size: 12px;">N/A</td>
                </tr>
            
                <tr class="step-row-passed">
                    <td style="text-align: center; font-weight: 600;">TestBasicFeatures</td>
                    <td style="text-align: left; padding-left: 15px;">3. test_string_operations_pass</td>
                    <td style="text-align: center;"><span class="status-badge status-pass">PASS</span></td>
                    <td style="text-align: center; color: #999;">N/A</td>
                    <td style="text-align: left; color: #d32f2f; font-size: 12px;">N/A</td>
                </tr>
            
                <tr class="step-row-failed">
                    <td style="text-align: center; font-weight: 600;">TestFailureScenarios</td>
                    <td style="text-align: left; padding-left: 15px;">4. test_assertion_failure</td>
                    <td style="text-align: center;"><span class="status-badge status-fail">FAIL</span></td>
                    <td style="text-align: center; color: #999;">N/A</td>
                    <td style="text-align: left; color: #d32f2f; font-size: 12px;">AssertionError: Expected 100, got 50
assert 50 == 100...</td>
                </tr>
            
                <tr class="step-row-failed">
                    <td style="text-align: center; font-weight: 600;">TestFailureScenarios</td>
                    <td style="text-align: left; padding-left: 15px;">5. test_comparison_failure</td>
                    <td style="text-align: center;"><span class="status-badge status-fail">FAIL</span></td>
                    <td style="text-align: center; color: #999;">N/A</td>
                    <td style="text-align: left; color: #d32f2f; font-size: 12px;">AssertionError: Age mismatch in user data
assert 30 == 25...</td>
                </tr>
            
                <tr class="step-row-failed">
                    <td style="text-align: center; font-weight: 600;">TestFailureScenarios</td>
                    <td style="text-align: left; padding-left: 15px;">6. test_list_assertion_failure</td>
                    <td style="text-align: center;"><span class="status-badge status-fail">FAIL</span></td>
                    <td style="text-align: center; color: #999;">N/A</td>
                    <td style="text-align: left; color: #d32f2f; font-size: 12px;">AssertionError: List elements don't match
assert [1, 2, 3, 4, 6] =...</td>
                </tr>
            
                <tr class="step-row-failed">
                    <td style="text-align: center; font-weight: 600;">TestFailureScenarios</td>
                    <td style="text-align: left; padding-left: 15px;">7. test_type_error_example</td>
                    <td style="text-align: center;"><span class="status-badge status-fail">FAIL</span></td>
                    <td style="text-align: center; color: #999;">N/A</td>
                    <td style="text-align: left; color: #d32f2f; font-size: 12px;">TypeError: can only concatenate str (not "int") to str...</td>
                </tr>
            
                <tr class="step-row-failed">
                    <td style="text-align: center; font-weight: 600;">TestFailureScenarios</td>
                    <td style="text-align: left; padding-left: 15px;">8. test_zero_division_error</td>
                    <td style="text-align: center;"><span class="status-badge status-fail">FAIL</span></td>
                    <td style="text-align: center; color: #999;">N/A</td>
                    <td style="text-align: left; color: #d32f2f; font-size: 12px;">ZeroDivisionError: division by zero...</td>
                </tr>
            
                <tr class="step-row-failed">
                    <td style="text-align: center; font-weight: 600;">TestFailureScenarios</td>
                    <td style="text-align: left; padding-left: 15px;">9. test_key_error_example</td>
                    <td style="text-align: center;"><span class="status-badge status-fail">FAIL</span></td>
                    <td style="text-align: center; color: #999;">N/A</td>
                    <td style="text-align: left; color: #d32f2f; font-size: 12px;">KeyError: 'email'...</td>
                </tr>
            
                <tr class="step-row-failed">
                    <td style="text-align: center; font-weight: 600;">TestFailureScenarios</td>
                    <td style="text-align: left; padding-left: 15px;">10. test_index_error_example</td>
                    <td style="text-align: center;"><span class="status-badge status-fail">FAIL</span></td>
                    <td style="text-align: center; color: #999;">N/A</td>
                    <td style="text-align: left; color: #d32f2f; font-size: 12px;">IndexError: list index out of range...</td>
                </tr>
            
                <tr class="step-row-failed">
                    <td style="text-align: center; font-weight: 600;">TestFailureScenarios</td>
                    <td style="text-align: left; padding-left: 15px;">11. test_attribute_error_example</td>
                    <td style="text-align: center;"><span class="status-badge status-fail">FAIL</span></td>
                    <td style="text-align: center; color: #999;">N/A</td>
                    <td style="text-align: left; color: #d32f2f; font-size: 12px;">AttributeError: 'str' object has no attribute 'non_existent_method...</td>
                </tr>
            
                <tr class="step-row-passed">
                    <td style="text-align: center; font-weight: 600;">TestWithDurations</td>
                    <td style="text-align: left; padding-left: 15px;">12. test_fast_execution</td>
                    <td style="text-align: center;"><span class="status-badge status-pass">PASS</span></td>
                    <td style="text-align: center; color: #999;">N/A</td>
                    <td style="text-align: left; color: #d32f2f; font-size: 12px;">N/A</td>
                </tr>
            
                <tr class="step-row-passed">
                    <td style="text-align: center; font-weight: 600;">TestWithDurations</td>
                    <td style="text-align: left; padding-left: 15px;">13. test_medium_duration</td>
                    <td style="text-align: center;"><span class="status-badge status-pass">PASS</span></td>
                    <td style="text-align: center; color: #999;">N/A</td>
                    <td style="text-align: left; color: #d32f2f; font-size: 12px;">N/A</td>
                </tr>
            
                <tr class="step-row-passed">
                    <td style="text-align: center; font-weight: 600;">TestWithDurations</td>
                    <td style="text-align: left; padding-left: 15px;">14. test_slow_execution</td>
                    <td style="text-align: center;"><span class="status-badge status-pass">PASS</span></td>
                    <td style="text-align: center; color: #999;">N/A</td>
                    <td style="text-align: left; color: #d32f2f; font-size: 12px;">N/A</td>
                </tr>
            
                <tr class="step-row-passed">
                    <td style="text-align: center; font-weight: 600;">TestComplexScenarios</td>
                    <td style="text-align: left; padding-left: 15px;">15. test_nested_data_structures</td>
                    <td style="text-align: center;"><span class="status-badge status-pass">PASS</span></td>
                    <td style="text-align: center; color: #999;">N/A</td>
                    <td style="text-align: left; color: #d32f2f; font-size: 12px;">N/A</td>
                </tr>
            
                <tr class="step-row-passed">
                    <td style="text-align: center; font-weight: 600;">TestComplexScenarios</td>
                    <td style="text-align: left; padding-left: 15px;">16. test_multiple_assertions</td>
                    <td style="text-align: center;"><span class="status-badge status-pass">PASS</span></td>
                    <td style="text-align: center; color: #999;">N/A</td>
                    <td style="text-align: left; color: #d32f2f; font-size: 12px;">N/A</td>
                </tr>
            
                <tr class="step-row-skipped">
                    <td style="text-align: center; font-weight: 600;">TestComplexScenarios</td>
                    <td style="text-align: left; padding-left: 15px;">17. test_expected_failure</td>
                    <td style="text-align: center;"><span class="status-badge status-skip">SKIP</span></td>
                    <td style="text-align: center; color: #999;">N/A</td>
                    <td style="text-align: left; color: #d32f2f; font-size: 12px;">N/A</td>
                </tr>
            
                <tr class="step-row-passed">
                    <td style="text-align: center; font-weight: 600;">TestComplexScenarios</td>
                    <td style="text-align: left; padding-left: 15px;">18. test_boundary_conditions</td>
                    <td style="text-align: center;"><span class="status-badge status-pass">PASS</span></td>
                    <td style="text-align: center; color: #999;">N/A</td>
                    <td style="text-align: left; color: #d32f2f; font-size: 12px;">N/A</td>
                </tr>
            
                <tr class="step-row-passed">
                    <td style="text-align: center; font-weight: 600;">TestDataValidation</td>
                    <td style="text-align: left; padding-left: 15px;">19. test_email_validation_pass</td>
                    <td style="text-align: center;"><span class="status-badge status-pass">PASS</span></td>
                    <td style="text-align: center; color: #999;">N/A</td>
                    <td style="text-align: left; color: #d32f2f; font-size: 12px;">N/A</td>
                </tr>
            
                <tr class="step-row-failed">
                    <td style="text-align: center; font-weight: 600;">TestDataValidation</td>
                    <td style="text-align: left; padding-left: 15px;">20. test_email_validation_fail</td>
                    <td style="text-align: center;"><span class="status-badge status-fail">FAIL</span></td>
                    <td style="text-align: center; color: #999;">N/A</td>
                    <td style="text-align: left; color: #d32f2f; font-size: 12px;">AssertionError: Email must contain @ symbol
assert '@' in 'invalid...</td>
                </tr>
            
                <tr class="step-row-passed">
                    <td style="text-align: center; font-weight: 600;">TestDataValidation</td>
                    <td style="text-align: left; padding-left: 15px;">21. test_phone_number_validation</td>
                    <td style="text-align: center;"><span class="status-badge status-pass">PASS</span></td>
                    <td style="text-align: center; color: #999;">N/A</td>
                    <td style="text-align: left; color: #d32f2f; font-size: 12px;">N/A</td>
                </tr>
            
                <tr class="step-row-failed">
                    <td style="text-align: center; font-weight: 600;">TestDataValidation</td>
                    <td style="text-align: left; padding-left: 15px;">22. test_password_strength_fail</td>
                    <td style="text-align: center;"><span class="status-badge status-fail">FAIL</span></td>
                    <td style="text-align: center; color: #999;">N/A</td>
                    <td style="text-align: left; color: #d32f2f; font-size: 12px;">AssertionError: Password must be at least 8 characters
assert 4 >=...</td>
                </tr>
            
                <tr class="step-row-passed">
                    <td style="text-align: center; font-weight: 600;">TestAPISimulation</td>
                    <td style="text-align: left; padding-left: 15px;">23. test_api_status_code_200</td>
                    <td style="text-align: center;"><span class="status-badge status-pass">PASS</span></td>
                    <td style="text-align: center; color: #999;">N/A</td>
                    <td style="text-align: left; color: #d32f2f; font-size: 12px;">N/A</td>
                </tr>
            
                <tr class="step-row-failed">
                    <td style="text-align: center; font-weight: 600;">TestAPISimulation</td>
                    <td style="text-align: left; padding-left: 15px;">24. test_api_status_code_404</td>
                    <td style="text-align: center;"><span class="status-badge status-fail">FAIL</span></td>
                    <td style="text-align: center; color: #999;">N/A</td>
                    <td style="text-align: left; color: #d32f2f; font-size: 12px;">AssertionError: API returned 404 instead of 200
assert 404 == 200...</td>
                </tr>
            
                <tr class="step-row-passed">
                    <td style="text-align: center; font-weight: 600;">TestAPISimulation</td>
                    <td style="text-align: left; padding-left: 15px;">25. test_api_response_structure</td>
                    <td style="text-align: center;"><span class="status-badge status-pass">PASS</span></td>
                    <td style="text-align: center; color: #999;">N/A</td>
                    <td style="text-align: left; color: #d32f2f; font-size: 12px;">N/A</td>
                </tr>
            
                <tr class="step-row-failed">
                    <td style="text-align: center; font-weight: 600;">TestAPISimulation</td>
                    <td style="text-align: left; padding-left: 15px;">26. test_api_response_validation_fail</td>
                    <td style="text-align: center;"><span class="status-badge status-fail">FAIL</span></td>
                    <td style="text-align: center; color: #999;">N/A</td>
                    <td style="text-align: left; color: #d32f2f; font-size: 12px;">AssertionError: API call failed: Not found
assert 'error' == 'succ...</td>
                </tr>
            
                <tr class="step-row-passed">
                    <td style="text-align: center; font-weight: 600;">TestPerformance</td>
                    <td style="text-align: left; padding-left: 15px;">27. test_algorithm_performance</td>
                    <td style="text-align: center;"><span class="status-badge status-pass">PASS</span></td>
                    <td style="text-align: center; color: #999;">N/A</td>
                    <td style="text-align: left; color: #d32f2f; font-size: 12px;">N/A</td>
                </tr>
            
                <tr class="step-row-passed">
                    <td style="text-align: center; font-weight: 600;">TestPerformance</td>
                    <td style="text-align: left; padding-left: 15px;">28. test_memory_intensive_operation</td>
                    <td style="text-align: center;"><span class="status-badge status-pass">PASS</span></td>
                    <td style="text-align: center; color: #999;">N/A</td>
                    <td style="text-align: left; color: #d32f2f; font-size: 12px;">N/A</td>
                </tr>
            
                <tr class="step-row-passed">
                    <td style="text-align: center; font-weight: 600;">TestWithFixtures</td>
                    <td style="text-align: left; padding-left: 15px;">29. test_user_data_fixture</td>
                    <td style="text-align: center;"><span class="status-badge status-pass">PASS</span></td>
                    <td style="text-align: center; color: #999;">N/A</td>
                    <td style="text-align: left; color: #d32f2f; font-size: 12px;">N/A</td>
                </tr>
            
                <tr class="step-row-passed">
                    <td style="text-align: center; font-weight: 600;">TestWithFixtures</td>
                    <td style="text-align: left; padding-left: 15px;">30. test_database_config_fixture</td>
                    <td style="text-align: center;"><span class="status-badge status-pass">PASS</span></td>
                    <td style="text-align: center; color: #999;">N/A</td>
                    <td style="text-align: left; color: #d32f2f; font-size: 12px;">N/A</td>
                </tr>
            
                <tr class="step-row-failed">
                    <td style="text-align: center; font-weight: 600;">TestWithFixtures</td>
                    <td style="text-align: left; padding-left: 15px;">31. test_fixture_data_modification_fail</td>
                    <td style="text-align: center;"><span class="status-badge status-fail">FAIL</span></td>
                    <td style="text-align: center; color: #999;">N/A</td>
                    <td style="text-align: left; color: #d32f2f; font-size: 12px;">AssertionError: Email was modified
assert 'wrong@example.com' == '...</td>
                </tr>
            
                    </tbody>
                </table>
            </div>
        </div>
        

        <script>
        // Error toggle functionality
        function toggleError(id, event) {
            if (event) {
                event.stopPropagation();
            }
            const popup = document.getElementById('error-' + id);
            if (!popup) {
                console.error('Error popup not found:', 'error-' + id);
                return;
            }
            if (popup.style.display === 'none' || popup.style.display === '') {
                // Hide all other popups
                document.querySelectorAll('.error-details-popup').forEach(p => p.style.display = 'none');
                popup.style.display = 'block';
            } else {
                popup.style.display = 'none';
            }
        }

        // Close popups when clicking outside
        document.addEventListener('click', function(event) {
            if (!event.target.classList.contains('error-toggle-btn')) {
                document.querySelectorAll('.error-details-popup').forEach(p => p.style.display = 'none');
            }
        });

        // Filter and Sort Functions
        function filterTests() {
            try {
                const searchInput = document.getElementById('testSearchInput').value.toLowerCase();
                const statusFilter = document.getElementById('statusFilter').value;
                const categoryFilter = document.getElementById('categoryFilter').value;
                const table = document.getElementById('comprehensiveTestTable');
                if (!table) {
                    console.error('Table not found: comprehensiveTestTable');
                    return;
                }
                const tbody = table.getElementsByTagName('tbody')[0];
                if (!tbody) {
                    console.error('Table body not found');
                    return;
                }
                const rows = tbody.getElementsByTagName('tr');

                console.log('Filter called - Status:', statusFilter, 'Category:', categoryFilter, 'Search:', searchInput);

            for (let i = 0; i < rows.length; i++) {
                const row = rows[i];
                if (!row.cells || row.cells.length < 7) continue; // Skip rows without enough cells
                
                const testName = row.cells[1].textContent.toLowerCase();
                const status = row.classList.contains('test-row-passed') ? 'passed' :
                              row.classList.contains('test-row-failed') ? 'failed' :
                              row.classList.contains('test-row-skipped') ? 'skipped' : '';
                const category = row.cells[6].textContent.toLowerCase();

                let show = true;

                // Search filter
                if (searchInput && !testName.includes(searchInput)) {
                    show = false;
                }

                // Status filter
                if (statusFilter !== 'all' && status !== statusFilter) {
                    show = false;
                }

                // Category filter
                if (categoryFilter !== 'all' && !category.includes(categoryFilter)) {
                    show = false;
                }

                row.style.display = show ? '' : 'none';
            }
            } catch (error) {
                console.error('Error in filterTests:', error);
            }
        }

        function clearFilters() {
            document.getElementById('testSearchInput').value = '';
            document.getElementById('statusFilter').value = 'all';
            document.getElementById('categoryFilter').value = 'all';
            filterTests();
        }

        function sortTable(columnIndex) {
            const table = document.getElementById('comprehensiveTestTable');
            const tbody = table.getElementsByTagName('tbody')[0];
            const rows = Array.from(tbody.getElementsByTagName('tr'));
            const header = table.getElementsByTagName('th')[columnIndex];

            // Toggle sort direction
            const isAsc = header.classList.contains('sort-asc');

            // Remove sort classes from all headers
            table.querySelectorAll('th').forEach(th => {
                th.classList.remove('sort-asc', 'sort-desc');
            });

            // Add sort class to current header
            header.classList.add(isAsc ? 'sort-desc' : 'sort-asc');

            // Sort rows
            rows.sort((a, b) => {
                let aValue = a.cells[columnIndex].textContent.trim();
                let bValue = b.cells[columnIndex].textContent.trim();

                // Handle numeric columns (S.No, Duration)
                if (columnIndex === 0 || columnIndex === 4) {
                    aValue = parseFloat(aValue);
                    bValue = parseFloat(bValue);
                }

                if (aValue < bValue) return isAsc ? 1 : -1;
                if (aValue > bValue) return isAsc ? -1 : 1;
                return 0;
            });

            // Reorder rows in table
            rows.forEach(row => tbody.appendChild(row));
        }

        function filterSteps() {
            try {
                const searchInput = document.getElementById('stepSearchInput').value.toLowerCase();
                const statusFilter = document.getElementById('stepStatusFilter').value;
                const table = document.getElementById('testStepsTable');
                if (!table) {
                    console.error('Table not found: testStepsTable');
                    return;
                }
                const tbody = table.getElementsByTagName('tbody')[0];
                if (!tbody) {
                    console.error('Table body not found');
                    return;
                }
                const rows = tbody.getElementsByTagName('tr');

            for (let i = 0; i < rows.length; i++) {
                const row = rows[i];
                if (!row.cells || row.cells.length < 3) continue; // Skip rows without enough cells
                
                const stepName = row.cells[1].textContent.toLowerCase();
                const statusBadge = row.cells[2].querySelector('.status-badge');
                const status = statusBadge ? statusBadge.textContent.toLowerCase() : '';

                let show = true;

                // Search filter
                if (searchInput && !stepName.includes(searchInput)) {
                    show = false;
                }

                // Status filter
                if (statusFilter !== 'all' && !status.includes(statusFilter)) {
                    show = false;
                }

                row.style.display = show ? '' : 'none';
                }
            } catch (error) {
                console.error('Error in filterSteps:', error);
            }
        }

        function clearStepFilters() {
            document.getElementById('stepSearchInput').value = '';
            document.getElementById('stepStatusFilter').value = 'all';
            filterSteps();
        }

        function sortStepsTable(columnIndex) {
            const table = document.getElementById('testStepsTable');
            const tbody = table.getElementsByTagName('tbody')[0];
            const rows = Array.from(tbody.getElementsByTagName('tr'));
            const header = table.getElementsByTagName('th')[columnIndex];

            // Toggle sort direction
            const isAsc = header.classList.contains('sort-asc');

            // Remove sort classes from all headers
            table.querySelectorAll('th').forEach(th => {
                th.classList.remove('sort-asc', 'sort-desc');
            });

            // Add sort class to current header
            header.classList.add(isAsc ? 'sort-desc' : 'sort-asc');

            // Sort rows
            rows.sort((a, b) => {
                let aValue = a.cells[columnIndex].textContent.trim();
                let bValue = b.cells[columnIndex].textContent.trim();

                if (aValue < bValue) return isAsc ? 1 : -1;
                if (aValue > bValue) return isAsc ? -1 : 1;
                return 0;
            });

            // Reorder rows in table
            rows.forEach(row => tbody.appendChild(row));
        }

        // Chart.js visualizations
        document.addEventListener('DOMContentLoaded', function() {
            try {
                Chart.defaults.font.family = "'Segoe UI', Tahoma, Geneva, Verdana, sans-serif";
                Chart.defaults.color = '#64748b';

                // Register datalabels plugin if available
                if (typeof ChartDataLabels !== 'undefined') {
                    Chart.register(ChartDataLabels);
                }

                // Test Status Distribution Chart
                if (document.getElementById('statusChart')) {
                    const statusCtx = document.getElementById('statusChart').getContext('2d');
                    new Chart(statusCtx, {
                        type: 'doughnut',
                        data: {
                            labels: ['Passed', 'Failed', 'Skipped'],
                            datasets: [{
                                data: [17, 13, 1],
                                backgroundColor: [
                                    'rgba(76, 175, 80, 0.8)',
                                    'rgba(244, 67, 54, 0.8)',
                                    'rgba(255, 152, 0, 0.8)'
                                ],
                                borderColor: [
                                    'rgba(76, 175, 80, 1)',
                                    'rgba(244, 67, 54, 1)',
                                    'rgba(255, 152, 0, 1)'
                                ],
                                borderWidth: 2
                            }]
                        },
                        options: {
                        responsive: true,
                        maintainAspectRatio: false,
                        plugins: {
                            legend: {
                                position: 'bottom',
                                labels: {
                                    padding: 20,
                                    font: { size: 13 }
                                }
                            },
                            title: {
                                display: true,
                                text: 'Test Status Distribution',
                                font: { size: 16, weight: 'bold' }
                            },
                            datalabels: {
                                color: '#fff',
                                font: {
                                    weight: 'bold',
                                    size: 14
                                },
                                formatter: function(value, context) {
                                    const total = 31;
                                    const percentage = total > 0 ? ((value / total) * 100).toFixed(1) : 0;
                                    return value + '\n(' + percentage + '%)';
                                }
                            },
                            tooltip: {
                                callbacks: {
                                    label: function(context) {
                                        const label = context.label || '';
                                        const value = context.parsed || 0;
                                        const total = 31;
                                        const percentage = total > 0 ? ((value / total) * 100).toFixed(1) : 0;
                                            return label + ': ' + value + ' (' + percentage + '%)';
                                        }
                                    }
                                }
                            },
                            animation: {
                                animateRotate: true,
                                animateScale: true
                            }
                        }
                    });
                }

            // Step Status Overview Chart (for test steps section)
            if (document.getElementById('stepStatusChart')) {
                const stepCtx = document.getElementById('stepStatusChart').getContext('2d');
                new Chart(stepCtx, {
                    type: 'doughnut',
                    data: {
                        labels: ['Passed', 'Failed'],
                        datasets: [{
                            data: [17, 13],
                            backgroundColor: [
                                '#4caf50',
                                '#f44336'
                            ],
                            borderWidth: 0
                        }]
                    },
                    options: {
                        responsive: true,
                        maintainAspectRatio: true,
                        cutout: '70%',
                        plugins: {
                            legend: {
                                display: true,
                                position: 'bottom',
                                labels: {
                                    font: { size: 11 },
                                    padding: 10
                                }
                            },
                            title: {
                                display: false
                            },
                            datalabels: {
                                display: true,
                                color: '#fff',
                                font: {
                                    weight: 'bold',
                                    size: 16
                                },
                                formatter: function(value) {
                                    return value;
                                }
                            },
                            tooltip: {
                                enabled: true
                            }
                        }
                    },
                    plugins: [{
                        id: 'centerText',
                        afterDraw: function(chart) {
                            const ctx = chart.ctx;
                            const width = chart.width;
                            const height = chart.height;
                            const total = 31;
                            const passed = 17;

                            ctx.restore();
                            const fontSize = (height / 80).toFixed(2);
                            ctx.font = 'bold ' + fontSize + 'em sans-serif';
                            ctx.textBaseline = 'middle';
                            ctx.fillStyle = '#4caf50';

                            const text = passed;
                            const textX = Math.round((width - ctx.measureText(text).width) / 2);
                            const textY = height / 2 - 10;

                            ctx.fillText(text, textX, textY);

                            ctx.font = fontSize * 0.4 + 'em sans-serif';
                            ctx.fillStyle = '#666';
                            const percentText = '(' + ((passed / total * 100).toFixed(0)) + '%)';
                            const percentX = Math.round((width - ctx.measureText(percentText).width) / 2);
                            ctx.fillText(percentText, percentX, textY + 20);

                            ctx.save();
                        }
                    }]
                });
            }

            // Pass/Fail/Skip & Error Rate Distribution Chart (Pie Chart)
            if (document.getElementById('passRateChart')) {
                const passRate = 54.8;
                const failRate = 13 > 0 ? ((13 / 31) * 100).toFixed(1) : 0;
                const skipRate = 1 > 0 ? ((1 / 31) * 100).toFixed(1) : 0;
                const errorRate = 0; // Can be calculated based on error analysis
                const passRateCtx = document.getElementById('passRateChart').getContext('2d');

                new Chart(passRateCtx, {
                    type: 'pie',
                    data: {
                        labels: ['Passed', 'Failed', 'Skipped'],
                        datasets: [{
                            data: [17, 13, 1],
                            backgroundColor: [
                                'rgba(76, 175, 80, 0.8)',
                                'rgba(244, 67, 54, 0.8)',
                                'rgba(255, 152, 0, 0.8)'
                            ],
                            borderColor: [
                                'rgba(76, 175, 80, 1)',
                                'rgba(244, 67, 54, 1)',
                                'rgba(255, 152, 0, 1)'
                            ],
                            borderWidth: 2
                        }]
                    },
                    options: {
                        responsive: true,
                        maintainAspectRatio: false,
                        plugins: {
                            legend: {
                                position: 'bottom',
                                labels: {
                                    padding: 20,
                                    font: { size: 13 }
                                }
                            },
                            title: {
                                display: true,
                                text: 'PASS / FAIL / SKIP & Error Rate Distribution',
                                font: { size: 16, weight: 'bold' }
                            },
                            datalabels: {
                                color: '#fff',
                                font: {
                                    weight: 'bold',
                                    size: 14
                                },
                                formatter: function(value, context) {
                                    const total = 31;
                                    const percentage = total > 0 ? ((value / total) * 100).toFixed(1) : 0;
                                    return value + '\n(' + percentage + '%)';
                                }
                            },
                            tooltip: {
                                callbacks: {
                                    label: function(context) {
                                        const label = context.label || '';
                                        const value = context.parsed || 0;
                                        const total = 31;
                                        const percentage = total > 0 ? ((value / total) * 100).toFixed(1) : 0;
                                        return label + ': ' + value + ' (' + percentage + '%)';
                                    }
                                }
                            }
                        },
                        animation: { duration: 1000 }
                    }
                });
            }
            } catch (error) {
                console.error('Error initializing charts:', error);
                console.log('Chart object available:', typeof Chart !== 'undefined');
                console.log('ChartDataLabels available:', typeof ChartDataLabels !== 'undefined');
            }
        });
        </script>
        
    </div>
</body>
</html>
    